  [4;36;1mSQL (0.1ms)[0m   [0;1mSET SQL_AUTO_IS_NULL=0[0m
  [4;35;1mSQL (20.5ms)[0m   [0mSHOW TABLES[0m
  [4;36;1mSQL (341.3ms)[0m   [0;1mCREATE TABLE `schema_migrations` (`version` varchar(255) NOT NULL) ENGINE=InnoDB[0m
  [4;35;1mSQL (310.3ms)[0m   [0mCREATE UNIQUE INDEX `unique_schema_migrations` ON `schema_migrations` (`version`)[0m
  [4;36;1mSQL (0.3ms)[0m   [0;1mSHOW TABLES[0m
  [4;35;1mSQL (0.2ms)[0m   [0mSELECT version FROM schema_migrations[0m
Migrating to CreateVenues (20100224231154)
  [4;36;1mSQL (207.0ms)[0m   [0;1mCREATE TABLE `venues` (`id` int(11) DEFAULT NULL auto_increment PRIMARY KEY, `venue_name` varchar(255), `venue_state` varchar(255), `venue_city` varchar(255), `venue_country` varchar(255), `sbd_name` varchar(255), `phone` varchar(255), `email` varchar(255), `website` varchar(255), `contact` varchar(255), `whatever` varchar(255), `created_at` datetime, `updated_at` datetime) ENGINE=InnoDB[0m
  [4;35;1mSQL (1.0ms)[0m   [0mINSERT INTO schema_migrations (version) VALUES ('20100224231154')[0m
  [4;36;1mSQL (22.3ms)[0m   [0;1mSHOW TABLES[0m
  [4;35;1mSQL (0.2ms)[0m   [0mSELECT version FROM schema_migrations[0m
  [4;36;1mSQL (0.2ms)[0m   [0;1mSHOW TABLES[0m
  [4;35;1mSQL (1.5ms)[0m   [0mSHOW FIELDS FROM `venues`[0m
  [4;36;1mSQL (2.2ms)[0m   [0;1mdescribe `venues`[0m
  [4;36;1mSQL (0.3ms)[0m   [0;1mSET SQL_AUTO_IS_NULL=0[0m
  [4;35;1mVenue Columns (5.6ms)[0m   [0mSHOW FIELDS FROM `venues`[0m


Processing VenuesController#index (for 127.0.0.1 at 2010-02-24 18:19:00) [GET]
  [4;36;1mSQL (0.3ms)[0m   [0;1mSELECT count(*) AS count_all FROM `venues` [0m
  [4;35;1mVenue Load (0.2ms)[0m   [0mSELECT `venues`.* FROM `venues` ORDER BY `venues`.`id` ASC LIMIT 0, 15[0m
  [4;36;1mCACHE (0.0ms)[0m   [0;1mSELECT `venues`.* FROM `venues` ORDER BY `venues`.`id` ASC LIMIT 0, 15[0m
Rendering template within layouts/application
Rendering list
Rendered _list_header (98.2ms)
Rendered _list_column_headings (38.7ms)
Rendered _messages (1.2ms)
Rendered _list (51.2ms)
Completed in 302ms (View: 278, DB: 6) | 200 OK [http://localhost/venues]
  [4;35;1mSQL (0.1ms)[0m   [0mSET SQL_AUTO_IS_NULL=0[0m
  [4;36;1mVenue Columns (237.5ms)[0m   [0;1mSHOW FIELDS FROM `venues`[0m


Processing VenuesController#index (for 127.0.0.1 at 2010-02-24 18:19:08) [GET]
  [4;35;1mSQL (279.7ms)[0m   [0mSELECT count(*) AS count_all FROM `venues` [0m
  [4;36;1mVenue Load (0.2ms)[0m   [0;1mSELECT `venues`.* FROM `venues` ORDER BY `venues`.`id` ASC LIMIT 0, 15[0m
  [4;35;1mCACHE (0.0ms)[0m   [0mSELECT `venues`.* FROM `venues` ORDER BY `venues`.`id` ASC LIMIT 0, 15[0m
Rendering template within layouts/application
Rendering list
Rendered _list_header (3.4ms)
Rendered _list_column_headings (36.3ms)
Rendered _messages (0.9ms)
Rendered _list (47.6ms)
Completed in 634ms (View: 348, DB: 517) | 200 OK [http://localhost/venues]
  [4;36;1mSQL (0.1ms)[0m   [0;1mSET SQL_AUTO_IS_NULL=0[0m
  [4;35;1mVenue Columns (1.6ms)[0m   [0mSHOW FIELDS FROM `venues`[0m


Processing VenuesController#index (for 127.0.0.1 at 2010-02-24 18:20:54) [GET]
  [4;36;1mSQL (0.3ms)[0m   [0;1mSELECT count(*) AS count_all FROM `venues` [0m
  [4;35;1mVenue Load (0.2ms)[0m   [0mSELECT `venues`.* FROM `venues` ORDER BY `venues`.`id` ASC LIMIT 0, 15[0m
  [4;36;1mCACHE (0.0ms)[0m   [0;1mSELECT `venues`.* FROM `venues` ORDER BY `venues`.`id` ASC LIMIT 0, 15[0m
Rendering template within layouts/application
Rendering list
Rendered _list_header (3.3ms)
Rendered _list_column_headings (38.2ms)
Rendered _messages (0.9ms)
Rendered _list (50.0ms)
Completed in 150ms (View: 144, DB: 2) | 200 OK [http://localhost/venues]
  [4;36;1mSQL (0.1ms)[0m   [0;1mSET SQL_AUTO_IS_NULL=0[0m
  [4;35;1mVenue Columns (1.6ms)[0m   [0mSHOW FIELDS FROM `venues`[0m


Processing VenuesController#add (for 127.0.0.1 at 2010-02-24 18:21:53) [GET]

ActionController::UnknownAction (No action responded to add. Actions: attributes_hash_is_empty?, column_value_from_param_value, create, delete, destroy, edit, edit_associated, find_or_create_for_params, index, list, manage_nested_record_from_params, nested, new, render_field, row, show, show_search, table, update, update_column, update_record_from_params, and update_table):
  /Users/dolian/.rvm/rubies/ruby-1.8.6-p399/lib/ruby/1.8/webrick/httpserver.rb:104:in `service'
  /Users/dolian/.rvm/rubies/ruby-1.8.6-p399/lib/ruby/1.8/webrick/httpserver.rb:65:in `run'
  /Users/dolian/.rvm/rubies/ruby-1.8.6-p399/lib/ruby/1.8/webrick/server.rb:173:in `start_thread'
  /Users/dolian/.rvm/rubies/ruby-1.8.6-p399/lib/ruby/1.8/webrick/server.rb:162:in `start'
  /Users/dolian/.rvm/rubies/ruby-1.8.6-p399/lib/ruby/1.8/webrick/server.rb:162:in `start_thread'
  /Users/dolian/.rvm/rubies/ruby-1.8.6-p399/lib/ruby/1.8/webrick/server.rb:95:in `start'
  /Users/dolian/.rvm/rubies/ruby-1.8.6-p399/lib/ruby/1.8/webrick/server.rb:92:in `each'
  /Users/dolian/.rvm/rubies/ruby-1.8.6-p399/lib/ruby/1.8/webrick/server.rb:92:in `start'
  /Users/dolian/.rvm/rubies/ruby-1.8.6-p399/lib/ruby/1.8/webrick/server.rb:23:in `start'
  /Users/dolian/.rvm/rubies/ruby-1.8.6-p399/lib/ruby/1.8/webrick/server.rb:82:in `start'

Rendering rescues/layout (not_found)
  [4;36;1mSQL (0.1ms)[0m   [0;1mSET SQL_AUTO_IS_NULL=0[0m
  [4;35;1mVenue Columns (1.5ms)[0m   [0mSHOW FIELDS FROM `venues`[0m


Processing VenuesController#insert (for 127.0.0.1 at 2010-02-24 18:21:58) [GET]

ActionController::UnknownAction (No action responded to insert. Actions: attributes_hash_is_empty?, column_value_from_param_value, create, delete, destroy, edit, edit_associated, find_or_create_for_params, index, list, manage_nested_record_from_params, nested, new, render_field, row, show, show_search, table, update, update_column, update_record_from_params, and update_table):
  /Users/dolian/.rvm/rubies/ruby-1.8.6-p399/lib/ruby/1.8/webrick/httpserver.rb:104:in `service'
  /Users/dolian/.rvm/rubies/ruby-1.8.6-p399/lib/ruby/1.8/webrick/httpserver.rb:65:in `run'
  /Users/dolian/.rvm/rubies/ruby-1.8.6-p399/lib/ruby/1.8/webrick/server.rb:173:in `start_thread'
  /Users/dolian/.rvm/rubies/ruby-1.8.6-p399/lib/ruby/1.8/webrick/server.rb:162:in `start'
  /Users/dolian/.rvm/rubies/ruby-1.8.6-p399/lib/ruby/1.8/webrick/server.rb:162:in `start_thread'
  /Users/dolian/.rvm/rubies/ruby-1.8.6-p399/lib/ruby/1.8/webrick/server.rb:95:in `start'
  /Users/dolian/.rvm/rubies/ruby-1.8.6-p399/lib/ruby/1.8/webrick/server.rb:92:in `each'
  /Users/dolian/.rvm/rubies/ruby-1.8.6-p399/lib/ruby/1.8/webrick/server.rb:92:in `start'
  /Users/dolian/.rvm/rubies/ruby-1.8.6-p399/lib/ruby/1.8/webrick/server.rb:23:in `start'
  /Users/dolian/.rvm/rubies/ruby-1.8.6-p399/lib/ruby/1.8/webrick/server.rb:82:in `start'

Rendering rescues/layout (not_found)
  [4;36;1mSQL (0.1ms)[0m   [0;1mSET SQL_AUTO_IS_NULL=0[0m
  [4;35;1mVenue Columns (1.5ms)[0m   [0mSHOW FIELDS FROM `venues`[0m


Processing VenuesController#new (for 127.0.0.1 at 2010-02-24 18:22:00) [GET]
Rendering template within layouts/application
Rendering create
Rendered _messages (0.9ms)
Rendered _form_messages (7.9ms)
Rendered _form_attribute (2.3ms)
Rendered _form_attribute (0.7ms)
Rendered _form_attribute (0.8ms)
Rendered _form_attribute (1.0ms)
Rendered _form_attribute (0.8ms)
Rendered _form_attribute (0.8ms)
Rendered _form_attribute (0.8ms)
Rendered _form_attribute (0.8ms)
Rendered _form_attribute (0.8ms)
Rendered _form_attribute (0.8ms)
Rendered _form (23.2ms)
Rendered _create_form (54.6ms)
Completed in 99ms (View: 97, DB: 2) | 200 OK [http://localhost/venues/new]
  [4;36;1mSQL (0.1ms)[0m   [0;1mSET SQL_AUTO_IS_NULL=0[0m
  [4;35;1mVenue Columns (1.6ms)[0m   [0mSHOW FIELDS FROM `venues`[0m


Processing VenuesController#new (for 127.0.0.1 at 2010-02-24 18:23:02) [GET]
Rendering template within layouts/application
Rendering create
Rendered _messages (1.0ms)
Rendered _form_messages (5.3ms)
Rendered _form_attribute (1.8ms)
Rendered _form_attribute (0.7ms)
Rendered _form_attribute (0.7ms)
Rendered _form_attribute (0.8ms)
Rendered _form_attribute (0.7ms)
Rendered _form_attribute (1.4ms)
Rendered _form_attribute (0.9ms)
Rendered _form_attribute (0.8ms)
Rendered _form_attribute (0.7ms)
Rendered _form_attribute (0.7ms)
Rendered _form (21.5ms)
Rendered _create_form (108.4ms)
Completed in 138ms (View: 136, DB: 2) | 200 OK [http://localhost/venues/new]
  [4;36;1mSQL (0.1ms)[0m   [0;1mSET SQL_AUTO_IS_NULL=0[0m
  [4;35;1mVenue Columns (1.7ms)[0m   [0mSHOW FIELDS FROM `venues`[0m


Processing VenuesController#index (for 127.0.0.1 at 2010-02-24 18:23:04) [GET]
  [4;36;1mSQL (0.3ms)[0m   [0;1mSELECT count(*) AS count_all FROM `venues` [0m
  [4;35;1mVenue Load (0.1ms)[0m   [0mSELECT `venues`.* FROM `venues` ORDER BY `venues`.`id` ASC LIMIT 0, 15[0m
  [4;36;1mCACHE (0.0ms)[0m   [0;1mSELECT `venues`.* FROM `venues` ORDER BY `venues`.`id` ASC LIMIT 0, 15[0m
Rendering template within layouts/application
Rendering list
Rendered _list_header (4.0ms)
Rendered _list_column_headings (35.7ms)
Rendered _messages (0.9ms)
Rendered _list (46.7ms)
Completed in 143ms (View: 138, DB: 2) | 200 OK [http://localhost/venues/]
  [4;36;1mSQL (0.1ms)[0m   [0;1mSET SQL_AUTO_IS_NULL=0[0m


Processing VenuesController#index (for 127.0.0.1 at 2010-02-24 18:26:01) [GET]
  [4;35;1mVenue Load (0.4ms)[0m   [0mSELECT * FROM `venues` [0m
Rendering template within layouts/venues
Rendering venues/index
Completed in 28ms (View: 25, DB: 0) | 200 OK [http://localhost/venues]
